<?xml version="1.0" encoding="UTF-8"?>
<!-- Generated by org.testng.reporters.JUnitReportReporter -->
<testsuite hostname="WINDOWS-7NC6KD9" failures="0" tests="1" name="com.demoqa.tests.bookStore.SearchBookTests" time="12.414" errors="0" timestamp="2025-03-20T17:51:15 MEZ" skipped="0">
  <testcase classname="com.demoqa.tests.bookStore.SearchBookTests" name="searchBookPositiveTest" time="12.414"/>
</testsuite> <!-- com.demoqa.tests.bookStore.SearchBookTests -->
