<?xml version="1.0" encoding="UTF-8"?>
<!-- Generated by org.testng.reporters.JUnitReportReporter -->
<testsuite hostname="WINDOWS-7NC6KD9" failures="0" tests="1" name="com.demoqa.tests.bookStore.LoginTests" time="13.839" errors="0" timestamp="2025-03-13T16:02:50 MEZ" skipped="0">
  <testcase classname="com.demoqa.tests.bookStore.LoginTests" name="loginPositiveTest" time="13.839"/>
</testsuite> <!-- com.demoqa.tests.bookStore.LoginTests -->
