<?xml version="1.0" encoding="UTF-8"?>
<!-- Generated by org.testng.reporters.JUnitReportReporter -->
<testsuite hostname="WINDOWS-7NC6KD9" failures="0" tests="1" name="com.demoqa.tests.elements.TextBoxTests" time="14.697" errors="0" timestamp="2025-03-20T17:51:15 MEZ" skipped="0">
  <testcase classname="com.demoqa.tests.elements.TextBoxTests" name="keyBoardEventTest" time="14.697"/>
</testsuite> <!-- com.demoqa.tests.elements.TextBoxTests -->
